<?xml version="1.0" encoding="UTF-8"?>
<!-- Generated by org.testng.reporters.JUnitXMLReporter -->
<testsuite ignored="0" hostname="TECH-LP-1353" failures="0" tests="4" name="Test" time="41.581" errors="0" timestamp="2021-06-15T22:09:06 IST">
  <testcase classname="Academy.HomePage" name="basePageNavigation" time="1.801"/>
  <testcase classname="Academy.HomePage" name="basePageNavigation" time="1.805"/>
  <testcase classname="Academy.validateTitle" name="verifyTitle" time="0.027"/>
  <testcase classname="Academy.verifyNavigationBar" name="verifyBar" time="0.047"/>
</testsuite> <!-- Test -->
