-------------------------------------------------------------------------------
Test set: TestSuite
-------------------------------------------------------------------------------
Tests run: 4, Failures: 1, Errors: 0, Skipped: 0, Time elapsed: 18.594 s <<< FAILURE! - in TestSuite
Academy.validateTitle.verifyTitle  Time elapsed: 0.416 s  <<< FAILURE!
java.lang.AssertionError: expected [FEATURED COURSES123] but found [FEATURED COURSES]
	at Academy.validateTitle.verifyTitle(validateTitle.java:45)

