<?xml version="1.0" encoding="UTF-8"?>
<testsuite xmlns:xsi="http://www.w3.org/2001/XMLSchema-instance" xsi:noNamespaceSchemaLocation="https://maven.apache.org/surefire/maven-surefire-plugin/xsd/surefire-test-report-3.0.xsd" version="3.0" name="TestSuite" time="18.594" tests="4" errors="0" skipped="0" failures="1">
  <properties>
[...]
</properties>
  <testcase name="verifyBar" classname="Academy.verifyNavigationBar" time="0.414">
    <system-err><![CDATA[Starting ChromeDriver 90.0.4430.24 (4c6d850f087da467d926e8eddb76550aed655991-refs/branch-heads/4430@{#429}) on port 4239
Only local connections are allowed.
Please see https://chromedriver.chromium.org/security-considerations for suggestions on keeping ChromeDriver safe.
Starting ChromeDriver 90.0.443S0t.a2r4ti n(g4 Cch6rdom8e5D0rifv0e8r 79d0.a04.464730d.9242 6(4ec86edd85d0f0b877d6a45657d902a6e8eeddd6b7556955910a-erd6e5f59s91-/rbefsr/braannchc-hhe-adhse/4430@{#a4d29s}/) 4on4 3po0r@t {4#462094}) 
on Opnolryt  l4o1c9a9l2 c
oOnnnleyc tlioocnasl  acroen naelcltoiwoends. a
rPel eaalsleo wseede. h
tPtlpesa:s/e/ cshereo mhetdtrpsi:v/e/rc.hcrhormoemdiruimv.eorr.gc/hrsoemciuurmit.yo-rcgo/nsseicduerriattyi-ocnosn sfiodre rsautgigoness tfioorn ss uogn gkeesetpiionngs  Cohnr okmeeeDpriinvge rC hsraofmee.Dr
iver safe.
ChromeDriver was started successfully.
ChromeDriCvherro wmaesD rstiartevde rsu cwcaess ssftualrltye.d 
successfully.
[1623870068.529][WARNING]: This version of ChromeDriver has not been tested with Chrome version 91.
[1623870068.571][WARNING]: This version of ChromeDriver has not been tested with Chrome version 91.
[1623870068.605][WARNING]: This version of ChromeDriver has not been tested with Chrome version 91.
Jun 17, 2021 12:31:09 AM org.openqa.selenium.remote.ProtocolHandshake createSession
INFO: Detected dialect: W3C
Jun 17, 2021 12:31:09 AM org.openqa.selenium.remote.ProtocolHandshake createSession
INFO: Detected dialect: W3C
Jun 17, 2021 12:31:09 AM org.openqa.selenium.remote.ProtocolHandshake createSession
INFO: Detected dialect: W3C
]]></system-err>
  </testcase>
  <testcase name="verifyTitle" classname="Academy.validateTitle" time="0.416">
    <failure message="expected [FEATURED COURSES123] but found [FEATURED COURSES]" type="java.lang.AssertionError"><![CDATA[java.lang.AssertionError: expected [FEATURED COURSES123] but found [FEATURED COURSES]
	at Academy.validateTitle.verifyTitle(validateTitle.java:45)
]]></failure>
  </testcase>
  <testcase name="basePageNavigation[nonrestricteduser@gmail.com, 123456](1)" classname="Academy.HomePage" time="3.006"/>
  <testcase name="basePageNavigation[Restricteduser@gmail.com, 9999](2)" classname="Academy.HomePage" time="1.86"/>
</testsuite>