<?xml version="1.0" encoding="UTF-8"?>
<testng-results ignored="0" total="2" passed="2" failed="0" skipped="0">
  <reporter-output>
  </reporter-output>
  <suite started-at="2021-06-23T20:56:59 IST" name="Default suite" finished-at="2021-06-23T20:57:18 IST" duration-ms="19694">
    <groups>
    </groups>
    <test started-at="2021-06-23T20:56:59 IST" name="Default test" finished-at="2021-06-23T20:57:18 IST" duration-ms="19694">
      <class name="Academy.HomePage">
        <test-method is-config="true" signature="initialise()[pri:0, instance:Academy.HomePage@7e6ef134]" started-at="2021-06-23T20:56:59 IST" name="initialise" finished-at="2021-06-23T20:57:14 IST" duration-ms="15167" status="PASS">
          <reporter-output>
          </reporter-output>
        </test-method> <!-- initialise -->
        <test-method signature="basePageNavigation(java.lang.String, java.lang.String)[pri:0, instance:Academy.HomePage@7e6ef134]" started-at="2021-06-23T20:57:14 IST" name="basePageNavigation" data-provider="getData" finished-at="2021-06-23T20:57:17 IST" duration-ms="2901" status="PASS">
          <params>
            <param index="0">
              <value>
                <![CDATA[nonrestricteduser@gmail.com]]>
              </value>
            </param>
            <param index="1">
              <value>
                <![CDATA[123456]]>
              </value>
            </param>
          </params>
          <reporter-output>
          </reporter-output>
        </test-method> <!-- basePageNavigation -->
        <test-method signature="basePageNavigation(java.lang.String, java.lang.String)[pri:0, instance:Academy.HomePage@7e6ef134]" started-at="2021-06-23T20:57:17 IST" name="basePageNavigation" data-provider="getData" finished-at="2021-06-23T20:57:18 IST" duration-ms="1523" status="PASS">
          <params>
            <param index="0">
              <value>
                <![CDATA[Restricteduser@gmail.com]]>
              </value>
            </param>
            <param index="1">
              <value>
                <![CDATA[9999]]>
              </value>
            </param>
          </params>
          <reporter-output>
          </reporter-output>
        </test-method> <!-- basePageNavigation -->
        <test-method is-config="true" signature="tearDown()[pri:0, instance:Academy.HomePage@7e6ef134]" started-at="2021-06-23T20:57:18 IST" name="tearDown" finished-at="2021-06-23T20:57:18 IST" duration-ms="65" status="PASS">
          <reporter-output>
          </reporter-output>
        </test-method> <!-- tearDown -->
      </class> <!-- Academy.HomePage -->
    </test> <!-- Default test -->
  </suite> <!-- Default suite -->
</testng-results>
